2018-05-07 11:29:10,270:INFO:Printing main menu - Request user response

2018-05-07 11:29:36,511:INFO:Printing main menu - Request user response

2018-05-07 11:49:35,961:INFO:Printing main menu - Request user response

2018-05-07 11:49:41,591:INFO:Response: 1 - Login

2018-05-07 11:49:41,591:INFO:Print login menu - Request user response

2018-05-07 11:51:26,467:INFO:Response: 1 - Register

2018-05-07 11:51:26,470:INFO:Register request user response

2018-05-07 11:51:38,476:INFO:Response: 
2018-05-07 11:51:38,477:INFO:user name: 
2018-05-07 11:51:38,478:INFO:test
2018-05-07 11:51:38,478:INFO: password: 
2018-05-07 11:51:38,478:INFO:test
2018-05-07 11:51:38,478:INFO: email: 
2018-05-07 11:51:38,478:INFO:test@email
2018-05-07 11:51:38,478:INFO:Are you administrator? 
2018-05-07 11:51:38,478:INFO:y
2018-05-07 11:51:38,479:INFO:

2018-05-07 11:51:38,491:INFO:insert user successfully

2018-05-07 11:51:38,499:INFO:Printing main menu - Request user response

2018-05-07 11:51:49,780:INFO:Response: 0 - Account Profile

2018-05-07 11:51:49,781:INFO:read one user successfully

2018-05-07 11:51:49,782:INFO:Print account_profile menu - Request user response

2018-05-07 11:53:44,742:INFO:read all users successfully

2018-05-07 11:53:44,743:INFO:read all users error

2018-05-07 11:54:40,999:INFO:read all users successfully

2018-05-07 11:54:40,999:INFO:read all users error

2018-05-07 11:55:16,285:INFO:read all users successfully

2018-05-07 11:55:16,285:INFO:read all users error

2018-05-07 11:56:05,062:INFO:read all users successfully

2018-05-07 11:56:44,042:INFO:read all users successfully

2018-05-07 11:56:44,042:INFO:read all users error

2018-05-07 11:59:45,044:INFO:read all users successfully

2018-05-07 11:59:45,045:INFO:read all users error

2018-05-07 12:00:30,203:INFO:read all users successfully

2018-05-07 12:00:40,094:INFO:read all users successfully

2018-05-07 12:01:13,163:INFO:read all users successfully

2018-05-07 12:02:17,411:INFO:Response: 4 - Main Menu

2018-05-07 12:02:17,414:INFO:Printing main menu - Request user response

2018-05-07 12:02:23,176:INFO:Response: 0 - Account Profile

2018-05-07 12:02:23,178:INFO:read one user successfully

2018-05-07 12:02:23,178:INFO:Print account_profile menu - Request user response

2018-05-07 12:02:34,659:INFO:Response: 3 - Show All Accounts

2018-05-07 12:02:34,662:INFO:read all users successfully

2018-05-07 12:02:34,662:INFO:read all users error

2018-05-07 12:02:34,663:INFO:read one user successfully

2018-05-07 12:02:34,663:INFO:Print account_profile menu - Request user response

2018-05-07 12:02:39,475:INFO:Response: 5 - Exit

2018-05-07 12:02:42,461:INFO:Printing main menu - Request user response

2018-05-07 12:02:44,875:INFO:Response: 1 - Login

2018-05-07 12:02:44,875:INFO:Print login menu - Request user response

2018-05-07 12:02:46,665:INFO:Response: 2 - Already A Member

2018-05-07 12:02:46,665:INFO:Print login menu - Request user response

2018-05-07 12:02:52,566:INFO:login error

2018-05-07 12:02:52,566:INFO:user name: 
2018-05-07 12:02:52,566:INFO:test
2018-05-07 12:02:52,566:INFO: password: 
2018-05-07 12:02:52,566:INFO:test
2018-05-07 12:02:52,566:INFO: Are you an administrator? 
2018-05-07 12:02:52,566:INFO:y
2018-05-07 12:02:52,566:INFO:

2018-05-07 12:02:52,566:INFO:Printing main menu - Request user response

2018-05-07 12:03:10,515:INFO:Response: 1 - Login

2018-05-07 12:03:10,516:INFO:Print login menu - Request user response

2018-05-07 12:03:12,108:INFO:Response: 2 - Already A Member

2018-05-07 12:03:12,112:INFO:Print login menu - Request user response

2018-05-07 12:03:19,612:INFO:login error

2018-05-07 12:03:19,612:INFO:user name: 
2018-05-07 12:03:19,613:INFO:test
2018-05-07 12:03:19,613:INFO: password: 
2018-05-07 12:03:19,613:INFO:test
2018-05-07 12:03:19,613:INFO: Are you an administrator? 
2018-05-07 12:03:19,613:INFO:y
2018-05-07 12:03:19,614:INFO:

2018-05-07 12:03:19,614:INFO:Printing main menu - Request user response

2018-05-07 12:03:34,139:INFO:Response: 1 - Login

2018-05-07 12:03:34,139:INFO:Print login menu - Request user response

2018-05-07 12:03:37,324:INFO:Response: 4 - Exit

2018-05-07 12:03:41,833:INFO:Printing main menu - Request user response

2018-05-07 12:03:43,235:INFO:Response: 1 - Login

2018-05-07 12:03:43,235:INFO:Print login menu - Request user response

2018-05-07 12:03:44,882:INFO:Response: 1 - Register

2018-05-07 12:03:44,883:INFO:Register request user response

2018-05-07 12:03:55,817:INFO:Response: 
2018-05-07 12:03:55,818:INFO:user name: 
2018-05-07 12:03:55,818:INFO:test1
2018-05-07 12:03:55,818:INFO: password: 
2018-05-07 12:03:55,818:INFO:test1
2018-05-07 12:03:55,818:INFO: email: 
2018-05-07 12:03:55,818:INFO:test1
2018-05-07 12:03:55,818:INFO:Are you administrator? 
2018-05-07 12:03:55,819:INFO:y
2018-05-07 12:03:55,819:INFO:

2018-05-07 12:03:55,820:INFO:insert user error

2018-05-07 12:03:55,820:INFO:Printing main menu - Request user response

2018-05-07 12:04:39,074:INFO:Response: 0 - Account Profile

2018-05-07 12:04:39,074:INFO:read one user successfully

2018-05-07 12:04:39,074:INFO:Print account_profile menu - Request user response

2018-05-07 12:04:50,040:INFO:Response: 3 - Show All Accounts

2018-05-07 12:04:50,040:INFO:read all users successfully

2018-05-07 12:04:50,040:INFO:read one user successfully

2018-05-07 12:04:50,041:INFO:Print account_profile menu - Request user response

2018-05-07 12:05:28,938:INFO:Response: 2 - Delete My Account

2018-05-07 12:05:28,942:INFO:delete user successfully

2018-05-07 12:05:28,945:INFO:Printing main menu - Request user response

2018-05-07 12:05:37,843:INFO:Response: 1 - Login

2018-05-07 12:05:37,844:INFO:Print login menu - Request user response

2018-05-07 12:05:40,554:INFO:Response: 1 - Register

2018-05-07 12:05:40,554:INFO:Register request user response

2018-05-07 12:05:53,570:INFO:Response: 
2018-05-07 12:05:53,571:INFO:user name: 
2018-05-07 12:05:53,571:INFO:test1
2018-05-07 12:05:53,571:INFO: password: 
2018-05-07 12:05:53,572:INFO:test1
2018-05-07 12:05:53,572:INFO: email: 
2018-05-07 12:05:53,572:INFO:test1
2018-05-07 12:05:53,572:INFO:Are you administrator? 
2018-05-07 12:05:53,572:INFO:y
2018-05-07 12:05:53,572:INFO:

2018-05-07 12:05:53,573:INFO:insert user successfully

2018-05-07 12:05:53,576:INFO:Printing main menu - Request user response

2018-05-07 12:06:02,402:INFO:Response: 0 - Account Profile

2018-05-07 12:06:02,403:INFO:read one user successfully

2018-05-07 12:06:02,404:INFO:Print account_profile menu - Request user response

2018-05-07 12:07:21,184:INFO:Response: 5 - Exit

2018-05-07 12:07:24,190:INFO:Printing main menu - Request user response

2018-05-07 12:07:26,729:INFO:Response: 1 - Login

2018-05-07 12:07:26,730:INFO:Print login menu - Request user response

2018-05-07 12:07:28,678:INFO:Response: 2 - Already A Member

2018-05-07 12:07:28,678:INFO:Print login menu - Request user response

2018-05-07 12:07:43,249:INFO:login successfully

2018-05-07 12:07:43,250:INFO:user name: 
2018-05-07 12:07:43,250:INFO:test1
2018-05-07 12:07:43,250:INFO: password: 
2018-05-07 12:07:43,250:INFO:test1
2018-05-07 12:07:43,251:INFO: Are you an administrator? 
2018-05-07 12:07:43,251:INFO:y
2018-05-07 12:07:43,251:INFO:

2018-05-07 12:07:43,251:INFO:Printing main menu - Request user response

2018-05-07 12:07:59,431:INFO:Response: 0 - Account Profile

2018-05-07 12:07:59,432:INFO:read one user successfully

2018-05-07 12:07:59,432:INFO:read one user error

2018-05-07 12:07:59,432:INFO:Print account_profile menu - Request user response

2018-05-07 12:09:34,858:INFO:read one user successfully

2018-05-07 12:09:34,859:INFO:read one user error

2018-05-07 12:11:58,408:INFO:Response: 5 - Exit

2018-05-07 12:12:00,794:INFO:Printing main menu - Request user response

2018-05-07 12:12:03,185:INFO:Response: 1 - Login

2018-05-07 12:12:03,186:INFO:Print login menu - Request user response

2018-05-07 12:12:04,915:INFO:Response: 2 - Already A Member

2018-05-07 12:12:04,916:INFO:Print login menu - Request user response

2018-05-07 12:12:12,316:INFO:login successfully

2018-05-07 12:12:12,317:INFO:user name: 
2018-05-07 12:12:12,317:INFO:test1
2018-05-07 12:12:12,317:INFO: password: 
2018-05-07 12:12:12,317:INFO:test1
2018-05-07 12:12:12,318:INFO: Are you an administrator? 
2018-05-07 12:12:12,318:INFO:y
2018-05-07 12:12:12,318:INFO:

2018-05-07 12:12:12,318:INFO:Printing main menu - Request user response

2018-05-07 12:12:15,836:INFO:Response: 0 - Account Profile

2018-05-07 12:12:15,836:INFO:read one user successfully

2018-05-07 12:12:15,837:INFO:Print account_profile menu - Request user response

2018-05-07 12:12:22,085:INFO:Response: 3 - Show All Accounts

2018-05-07 12:12:22,085:INFO:read all users successfully

2018-05-07 12:12:22,086:INFO:read one user successfully

2018-05-07 12:12:22,086:INFO:Print account_profile menu - Request user response

2018-05-07 12:13:09,627:INFO:Response: 5 - Exit

2018-05-07 12:13:11,515:INFO:Printing main menu - Request user response

2018-05-07 12:13:13,561:INFO:Response: 1 - Login

2018-05-07 12:13:13,562:INFO:Print login menu - Request user response

2018-05-07 12:13:14,980:INFO:Response: 2 - Already A Member

2018-05-07 12:13:14,980:INFO:Print login menu - Request user response

2018-05-07 12:13:21,714:INFO:login successfully

2018-05-07 12:13:21,715:INFO:user name: 
2018-05-07 12:13:21,715:INFO:test1
2018-05-07 12:13:21,715:INFO: password: 
2018-05-07 12:13:21,715:INFO:test1
2018-05-07 12:13:21,715:INFO: Are you an administrator? 
2018-05-07 12:13:21,715:INFO:y
2018-05-07 12:13:21,715:INFO:

2018-05-07 12:13:21,716:INFO:Printing main menu - Request user response

2018-05-07 12:13:25,627:INFO:Response: 0 - Account Profile

2018-05-07 12:13:25,628:INFO:read one user successfully

2018-05-07 12:13:25,628:INFO:Print account_profile menu - Request user response

2018-05-07 12:13:29,611:INFO:Response: 3 - Show All Accounts

2018-05-07 12:13:29,611:INFO:read all users successfully

2018-05-07 12:13:29,612:INFO:read one user successfully

2018-05-07 12:13:29,612:INFO:Print account_profile menu - Request user response

2018-05-07 12:15:59,445:INFO:Response: 5 - Exit

2018-05-07 12:16:01,687:INFO:Printing main menu - Request user response

2018-05-07 12:16:03,883:INFO:Response: 1 - Login

2018-05-07 12:16:03,883:INFO:Print login menu - Request user response

2018-05-07 12:16:09,803:INFO:Response: 2 - Already A Member

2018-05-07 12:16:09,803:INFO:Print login menu - Request user response

2018-05-07 12:16:17,284:INFO:login successfully

2018-05-07 12:16:17,284:INFO:user name: 
2018-05-07 12:16:17,285:INFO:test1
2018-05-07 12:16:17,285:INFO: password: 
2018-05-07 12:16:17,285:INFO:test1
2018-05-07 12:16:17,285:INFO: Are you an administrator? 
2018-05-07 12:16:17,286:INFO:y
2018-05-07 12:16:17,286:INFO:

2018-05-07 12:16:17,286:INFO:Printing main menu - Request user response

2018-05-07 12:16:20,688:INFO:Response: 0 - Account Profile

2018-05-07 12:16:20,689:INFO:read one user successfully

2018-05-07 12:16:20,689:INFO:Print account_profile menu - Request user response

2018-05-07 12:16:27,002:INFO:Response: 3 - Show All Accounts

2018-05-07 12:16:27,003:INFO:read all users successfully

2018-05-07 12:16:27,003:INFO:read one user successfully

2018-05-07 12:16:27,004:INFO:Print account_profile menu - Request user response

2018-05-07 12:16:44,898:INFO:Response: 4 - Main Menu

2018-05-07 12:16:44,898:INFO:Printing main menu - Request user response

2018-05-07 12:16:53,937:INFO:Response: 3 - Logout

2018-05-07 12:16:53,938:INFO:Printing main menu - Request user response

2018-05-07 12:16:56,066:INFO:Response: 1 - Login

2018-05-07 12:16:56,066:INFO:Print login menu - Request user response

2018-05-07 12:17:00,204:INFO:Response: 2 - Already A Member

2018-05-07 12:17:00,205:INFO:Print login menu - Request user response

2018-05-07 12:17:07,420:INFO:login successfully

2018-05-07 12:17:07,421:INFO:user name: 
2018-05-07 12:17:07,421:INFO:test1
2018-05-07 12:17:07,421:INFO: password: 
2018-05-07 12:17:07,421:INFO:test1
2018-05-07 12:17:07,422:INFO: Are you an administrator? 
2018-05-07 12:17:07,422:INFO:n
2018-05-07 12:17:07,422:INFO:

2018-05-07 12:17:07,422:INFO:Printing main menu - Request user response

2018-05-07 12:17:09,948:INFO:Response: 0 - Account Profile

2018-05-07 12:17:09,948:INFO:read one user successfully

2018-05-07 12:17:09,949:INFO:Print account_profile menu - Request user response

2018-05-07 12:17:14,373:INFO:Response: 3 - Show All Accounts

2018-05-07 12:17:14,374:INFO:read all users successfully

2018-05-07 12:17:14,375:INFO:read one user successfully

2018-05-07 12:17:14,375:INFO:Print account_profile menu - Request user response

2018-05-07 12:18:40,329:INFO:Response: 5 - Exit

2018-05-07 12:18:44,902:INFO:Printing main menu - Request user response

2018-05-07 12:18:46,397:INFO:Response: 1 - Login

2018-05-07 12:18:46,397:INFO:Print login menu - Request user response

2018-05-07 12:18:49,972:INFO:Response: 4 - Exit

2018-05-07 12:19:00,158:INFO:Printing main menu - Request user response

2018-05-07 12:19:01,610:INFO:Response: 1 - Login

2018-05-07 12:19:01,611:INFO:Print login menu - Request user response

2018-05-07 12:19:04,043:INFO:Response: 2 - Already A Member

2018-05-07 12:19:04,044:INFO:Print login menu - Request user response

2018-05-07 12:19:11,908:INFO:login successfully

2018-05-07 12:19:11,911:INFO:user name: 
2018-05-07 12:19:11,911:INFO:test1
2018-05-07 12:19:11,911:INFO: password: 
2018-05-07 12:19:11,911:INFO:test1
2018-05-07 12:19:11,911:INFO: Are you an administrator? 
2018-05-07 12:19:11,912:INFO:n
2018-05-07 12:19:11,912:INFO:

2018-05-07 12:19:11,912:INFO:Printing main menu - Request user response

2018-05-07 12:19:16,824:INFO:Response: 0 - Account Profile

2018-05-07 12:19:16,824:INFO:read one user successfully

2018-05-07 12:19:16,824:INFO:Print account_profile menu - Request user response

2018-05-07 12:19:26,632:INFO:Response: 5 - Exit

2018-05-07 13:42:27,786:INFO:Printing main menu - Request user response

2018-05-07 13:42:32,480:INFO:Response: 1 - Login

2018-05-07 13:42:32,480:INFO:Print login menu - Request user response

2018-05-07 13:42:42,256:INFO:Response: 2 - Already A Member

2018-05-07 13:42:42,258:INFO:Print login menu - Request user response

2018-05-07 13:44:18,514:INFO:login successfully

2018-05-07 13:44:18,515:INFO:user name: 
2018-05-07 13:44:18,515:INFO:test1
2018-05-07 13:44:18,515:INFO: password: 
2018-05-07 13:44:18,515:INFO:test1
2018-05-07 13:44:18,516:INFO: Are you an administrator? 
2018-05-07 13:44:18,516:INFO:y
2018-05-07 13:44:18,516:INFO:

2018-05-07 13:44:18,516:INFO:Printing main menu - Request user response

2018-05-07 13:44:22,318:INFO:Response: 2 - Show Seenits

2018-05-07 13:44:22,319:INFO:read all seenits successfully

2018-05-07 13:44:22,323:INFO:Print show_seenits menu - Request user reponse

2018-05-07 13:49:20,208:INFO:Response: 5 - Main Menu

2018-05-07 13:49:20,212:INFO:Printing main menu - Request user response

2018-05-07 13:49:22,067:INFO:Response: 2 - Show Seenits

2018-05-07 13:49:22,068:INFO:read all seenits successfully

2018-05-07 13:49:22,068:INFO:Print show_seenits menu - Request user reponse

2018-05-07 13:49:25,347:INFO:Response: 6 - Exit

2018-05-07 13:49:27,092:INFO:Printing main menu - Request user response

2018-05-07 13:49:29,412:INFO:Response: 1 - Login

2018-05-07 13:49:29,412:INFO:Print login menu - Request user response

2018-05-07 13:49:32,740:INFO:Response: 4 - Exit

2018-05-07 13:49:35,306:INFO:Printing main menu - Request user response

2018-05-07 13:49:38,510:INFO:Response: 1 - Login

2018-05-07 13:49:38,510:INFO:Print login menu - Request user response

2018-05-07 13:49:40,474:INFO:Response: 2 - Already A Member

2018-05-07 13:49:40,474:INFO:Print login menu - Request user response

2018-05-07 13:49:47,749:INFO:login successfully

2018-05-07 13:49:47,749:INFO:Username: 
2018-05-07 13:49:47,750:INFO:test1
2018-05-07 13:49:47,750:INFO: password: 
2018-05-07 13:49:47,750:INFO:test1
2018-05-07 13:49:47,750:INFO: Are you an administrator? 
2018-05-07 13:49:47,750:INFO:y
2018-05-07 13:49:47,750:INFO:

2018-05-07 13:49:47,750:INFO:Printing main menu - Request user response

2018-05-07 13:49:50,443:INFO:Response: 2 - Show Seenits

2018-05-07 13:49:50,445:INFO:read all seenits successfully

2018-05-07 13:49:50,445:INFO:Print show_seenits menu - Request user reponse

2018-05-07 13:50:07,771:INFO:Response: 2 - Choose One

2018-05-07 13:50:07,772:INFO:show_seenit request user reponse - Please input id of the one you choose

2018-05-07 13:50:10,732:INFO:Response: 
2018-05-07 13:50:10,732:INFO:1
2018-05-07 13:50:10,732:INFO:

2018-05-07 13:50:10,733:INFO:read one seenit successfully

2018-05-07 13:50:10,734:INFO:read all posts successfully

2018-05-07 13:50:10,734:INFO:Print show_posts menu - Request user response

2018-05-07 13:50:22,443:INFO:Response: 5 - Main Menu

2018-05-07 13:50:22,445:INFO:Printing main menu - Request user response

2018-05-07 13:50:23,987:INFO:Response: 2 - Show Seenits

2018-05-07 13:50:23,988:INFO:read all seenits successfully

2018-05-07 13:50:23,988:INFO:Print show_seenits menu - Request user reponse

2018-05-07 13:50:26,363:INFO:Response: 2 - Choose One

2018-05-07 13:50:26,363:INFO:show_seenit request user reponse - Please input id of the one you choose

2018-05-07 13:50:28,508:INFO:Response: 
2018-05-07 13:50:28,508:INFO:1
2018-05-07 13:50:28,508:INFO:

2018-05-07 13:50:28,508:INFO:read one seenit successfully

2018-05-07 13:50:28,509:INFO:read all posts successfully

2018-05-07 13:50:28,509:INFO:Print show_posts menu - Request user response

2018-05-07 14:28:06,576:INFO:Response: 6 - Exit

2018-05-07 14:28:08,588:INFO:Build database

2018-05-07 14:28:08,589:INFO:Creating tables in seenit.db
2018-05-07 14:28:08,627:INFO:Inserting value into User table
2018-05-07 14:28:08,629:INFO:Inserting value into Seenit table
2018-05-07 14:28:08,631:INFO:Inserting value into Post table
2018-05-07 14:28:08,633:INFO:Inserting value into Comment table
2018-05-07 14:28:08,636:INFO:Inserting value into Post_Upvote table
2018-05-07 14:28:08,639:INFO:Printing main menu - Request user response

2018-05-07 14:29:02,431:INFO:Response: 1 - Login

2018-05-07 14:29:02,431:INFO:Print login menu - Request user response

2018-05-07 14:29:05,255:INFO:Response: 1 - Register

2018-05-07 14:29:05,255:INFO:Register request user response

2018-05-07 14:29:27,851:INFO:Response: 
2018-05-07 14:29:27,852:INFO:user name: 
2018-05-07 14:29:27,852:INFO:testadmin
2018-05-07 14:29:27,852:INFO: password: 
2018-05-07 14:29:27,852:INFO:1111
2018-05-07 14:29:27,852:INFO: email: 
2018-05-07 14:29:27,853:INFO:testadmin@gmail.com
2018-05-07 14:29:27,853:INFO:Are you administrator? 
2018-05-07 14:29:27,853:INFO:y
2018-05-07 14:29:27,853:INFO:

2018-05-07 14:29:27,854:INFO:insert user successfully

2018-05-07 14:29:27,857:INFO:Printing main menu - Request user response

2018-05-07 14:29:31,060:INFO:Response: 2 - Show Seenits

2018-05-07 14:29:31,062:INFO:read all seenits successfully

2018-05-07 14:29:31,063:INFO:Print show_seenits menu - Request user reponse

2018-05-07 14:29:45,378:INFO:Response: 2 - Choose One

2018-05-07 14:29:45,378:INFO:show_seenit request user reponse - Please input id of the one you choose

2018-05-07 14:29:50,266:INFO:Response: 
2018-05-07 14:29:50,267:INFO:1
2018-05-07 14:29:50,267:INFO:

2018-05-07 14:29:50,267:INFO:read one seenit successfully

2018-05-07 14:29:50,268:INFO:read all posts successfully

2018-05-07 14:29:50,269:INFO:Print show_posts menu - Request user response

2018-05-07 14:32:22,735:INFO:Response: 6 - Exit

2018-05-07 14:32:25,536:INFO:Build database

2018-05-07 14:32:25,536:INFO:Creating tables in seenit.db
2018-05-07 14:32:25,562:INFO:Inserting value into User table
2018-05-07 14:32:25,564:INFO:Inserting value into Seenit table
2018-05-07 14:32:25,566:INFO:Inserting value into Post table
2018-05-07 14:32:25,569:INFO:Inserting value into Comment table
2018-05-07 14:32:25,572:INFO:Inserting value into Post_Upvote table
2018-05-07 14:32:25,576:INFO:Printing main menu - Request user response

2018-05-07 14:32:38,255:INFO:Response: 1 - Login

2018-05-07 14:32:38,255:INFO:Print login menu - Request user response

2018-05-07 14:32:41,678:INFO:Response: 2 - Already A Member

2018-05-07 14:32:41,679:INFO:Print login menu - Request user response

2018-05-07 14:32:51,615:INFO:login error

2018-05-07 14:32:51,615:INFO:Username: 
2018-05-07 14:32:51,615:INFO:testadmin
2018-05-07 14:32:51,616:INFO: password: 
2018-05-07 14:32:51,616:INFO:1111
2018-05-07 14:32:51,616:INFO: Are you an administrator? 
2018-05-07 14:32:51,616:INFO:y
2018-05-07 14:32:51,616:INFO:

2018-05-07 14:32:51,616:INFO:Printing main menu - Request user response

2018-05-07 14:32:59,326:INFO:Response: 1 - Login

2018-05-07 14:32:59,326:INFO:Print login menu - Request user response

2018-05-07 14:33:00,901:INFO:Response: 1 - Register

2018-05-07 14:33:00,901:INFO:Register request user response

2018-05-07 14:33:16,581:INFO:Response: 
2018-05-07 14:33:16,582:INFO:user name: 
2018-05-07 14:33:16,582:INFO:testadmin
2018-05-07 14:33:16,582:INFO: password: 
2018-05-07 14:33:16,582:INFO:1111
2018-05-07 14:33:16,582:INFO: email: 
2018-05-07 14:33:16,582:INFO:testadmin@email.com
2018-05-07 14:33:16,582:INFO:Are you administrator? 
2018-05-07 14:33:16,583:INFO:y
2018-05-07 14:33:16,583:INFO:

2018-05-07 14:33:16,583:INFO:insert user successfully

2018-05-07 14:33:16,587:INFO:Printing main menu - Request user response

2018-05-07 14:33:19,061:INFO:Response: 2 - Show Seenits

2018-05-07 14:33:19,062:INFO:read all seenits successfully

2018-05-07 14:33:19,063:INFO:Print show_seenits menu - Request user reponse

2018-05-07 14:33:23,043:INFO:Response: 2 - Choose One

2018-05-07 14:33:23,044:INFO:show_seenit request user reponse - Please input id of the one you choose

2018-05-07 14:33:26,685:INFO:Response: 
2018-05-07 14:33:26,685:INFO:1
2018-05-07 14:33:26,686:INFO:

2018-05-07 14:33:26,686:INFO:read one seenit successfully

2018-05-07 14:33:26,687:INFO:read all posts successfully

2018-05-07 14:33:26,687:INFO:Print show_posts menu - Request user response

2018-05-07 14:36:33,744:INFO:Response: 2 - Choose One

2018-05-07 14:36:33,746:INFO:show_post request user response - Please input id of the one you choose

2018-05-07 14:36:42,394:INFO:Response: 
2018-05-07 14:36:42,394:INFO:1
2018-05-07 14:36:42,395:INFO:

2018-05-07 14:36:42,395:INFO:read one post successfully

2018-05-07 14:36:42,396:INFO:Print comment_and_vote_menu menu - Request user response

2018-05-07 14:36:50,968:INFO:Response: 1 - Show Comments

2018-05-07 14:36:50,969:INFO:read all comments successfully

2018-05-07 14:36:50,970:INFO:Print show_comments menu - Request user response

2018-05-07 14:37:18,366:INFO:Response: 2 - Choose One

2018-05-07 14:37:22,180:INFO:read one comment successfully

2018-05-07 14:37:22,182:INFO:read all comment upvotes successfully

2018-05-07 14:37:22,192:INFO:read all comment downvotes successfully

2018-05-07 14:37:22,193:INFO:Print show_votes menu - Request user's response

2018-05-07 14:39:15,740:INFO:Response: 5 - Main Menu
2018-05-07 14:39:15,743:INFO:Printing main menu - Request user response

2018-05-07 14:39:17,460:INFO:Response: 2 - Show Seenits

2018-05-07 14:39:17,461:INFO:read all seenits successfully

2018-05-07 14:39:17,461:INFO:Print show_seenits menu - Request user reponse

2018-05-07 14:39:19,123:INFO:Response: 2 - Choose One

2018-05-07 14:39:19,123:INFO:show_seenit request user reponse - Please input id of the one you choose

2018-05-07 14:39:20,986:INFO:Response: 
2018-05-07 14:39:20,986:INFO:1
2018-05-07 14:39:20,986:INFO:

2018-05-07 14:39:20,987:INFO:read one seenit successfully

2018-05-07 14:39:20,987:INFO:read all posts successfully

2018-05-07 14:39:20,988:INFO:Print show_posts menu - Request user response

2018-05-07 14:39:25,087:INFO:Response: 2 - Choose One

2018-05-07 14:39:25,088:INFO:show_post request user response - Please input id of the one you choose

2018-05-07 14:39:27,504:INFO:Response: 
2018-05-07 14:39:27,505:INFO:1
2018-05-07 14:39:27,505:INFO:

2018-05-07 14:39:27,505:INFO:read one post successfully

2018-05-07 14:39:27,506:INFO:Print comment_and_vote_menu menu - Request user response

2018-05-07 14:39:29,609:INFO:Response: 2 - Show votes

2018-05-07 14:39:29,611:INFO:read all post upvote successfully

2018-05-07 14:39:29,612:INFO:read all post downvotes successfully

2018-05-07 14:39:29,612:INFO:Print show_votes menu - Request user's response

2018-05-07 14:39:33,936:INFO:Response: 6 - Exit
2018-05-07 14:43:16,468:INFO:Build database

2018-05-07 14:43:16,469:INFO:Creating tables in seenit.db
2018-05-07 14:43:16,500:INFO:Inserting value into User table
2018-05-07 14:43:16,501:INFO:Inserting value into Seenit table
2018-05-07 14:43:16,503:INFO:Inserting value into Post table
2018-05-07 14:43:16,505:INFO:Inserting value into Comment table
2018-05-07 14:43:16,507:INFO:Inserting value into Post_Upvote table
2018-05-07 14:43:16,509:INFO:Inserting value into Comment_Upvote table
2018-05-07 14:43:16,512:INFO:Printing main menu - Request user response

2018-05-07 14:43:41,566:INFO:Response: 1 - Login

2018-05-07 14:43:41,567:INFO:Print login menu - Request user response

2018-05-07 14:43:43,588:INFO:Response: 1 - Register

2018-05-07 14:43:43,588:INFO:Register request user response

2018-05-07 14:43:51,220:INFO:Response: 
2018-05-07 14:43:51,221:INFO:user name: 
2018-05-07 14:43:51,221:INFO:test
2018-05-07 14:43:51,221:INFO: password: 
2018-05-07 14:43:51,221:INFO:test
2018-05-07 14:43:51,222:INFO: email: 
2018-05-07 14:43:51,222:INFO:test
2018-05-07 14:43:51,222:INFO:Are you administrator? 
2018-05-07 14:43:51,222:INFO:y
2018-05-07 14:43:51,222:INFO:

2018-05-07 14:43:51,225:INFO:insert user successfully

2018-05-07 14:43:51,227:INFO:Printing main menu - Request user response

2018-05-07 14:43:52,884:INFO:Response: 2 - Show Seenits

2018-05-07 14:43:52,887:INFO:read all seenits successfully

2018-05-07 14:43:52,888:INFO:Print show_seenits menu - Request user reponse

2018-05-07 14:43:59,916:INFO:Response: 2 - Choose One

2018-05-07 14:43:59,916:INFO:show_seenit request user reponse - Please input id of the one you choose

2018-05-07 14:44:02,236:INFO:Response: 
2018-05-07 14:44:02,237:INFO:1
2018-05-07 14:44:02,237:INFO:

2018-05-07 14:44:02,237:INFO:read one seenit successfully

2018-05-07 14:44:02,238:INFO:read all posts successfully

2018-05-07 14:44:02,239:INFO:Print show_posts menu - Request user response

2018-05-07 14:48:51,250:INFO:Response: 6 - Exit

2018-05-07 14:48:53,550:INFO:Build database

2018-05-07 14:48:53,550:INFO:Creating tables in seenit.db
2018-05-07 14:48:53,575:INFO:Inserting value into User table
2018-05-07 14:48:53,577:INFO:Inserting value into Seenit table
2018-05-07 14:48:53,578:INFO:Inserting value into Post table
2018-05-07 14:48:53,580:INFO:Inserting value into Comment table
2018-05-07 14:48:53,582:INFO:Inserting value into Post_Upvote table
2018-05-07 14:48:53,584:INFO:Inserting value into Comment_Upvote table
2018-05-07 14:48:53,586:INFO:Printing main menu - Request user response

2018-05-07 14:48:56,186:INFO:Response: 1 - Login

2018-05-07 14:48:56,187:INFO:Print login menu - Request user response

2018-05-07 14:48:57,187:INFO:Response: 2 - Already A Member

2018-05-07 14:48:57,187:INFO:Print login menu - Request user response

2018-05-07 14:49:01,578:INFO:login error

2018-05-07 14:49:01,578:INFO:Username: 
2018-05-07 14:49:01,578:INFO:test
2018-05-07 14:49:01,578:INFO: password: 
2018-05-07 14:49:01,578:INFO:test
2018-05-07 14:49:01,578:INFO: Are you an administrator? 
2018-05-07 14:49:01,579:INFO:y
2018-05-07 14:49:01,579:INFO:

2018-05-07 14:49:01,579:INFO:Printing main menu - Request user response

2018-05-07 14:49:14,012:INFO:Response: 1 - Login

2018-05-07 14:49:14,012:INFO:Print login menu - Request user response

2018-05-07 14:49:16,340:INFO:Response: 1 - Register

2018-05-07 14:49:16,341:INFO:Register request user response

2018-05-07 14:49:23,331:INFO:Response: 
2018-05-07 14:49:23,332:INFO:user name: 
2018-05-07 14:49:23,332:INFO:test
2018-05-07 14:49:23,332:INFO: password: 
2018-05-07 14:49:23,332:INFO:test
2018-05-07 14:49:23,332:INFO: email: 
2018-05-07 14:49:23,333:INFO:test
2018-05-07 14:49:23,333:INFO:Are you administrator? 
2018-05-07 14:49:23,333:INFO:y
2018-05-07 14:49:23,333:INFO:

2018-05-07 14:49:23,334:INFO:insert user successfully

2018-05-07 14:49:23,337:INFO:Printing main menu - Request user response

2018-05-07 14:49:26,108:INFO:Response: 2 - Show Seenits

2018-05-07 14:49:26,108:INFO:read all seenits successfully

2018-05-07 14:49:26,109:INFO:Print show_seenits menu - Request user reponse

2018-05-07 14:49:27,953:INFO:Response: 2 - Choose One

2018-05-07 14:49:27,954:INFO:show_seenit request user reponse - Please input id of the one you choose

2018-05-07 14:49:31,755:INFO:Response: 
2018-05-07 14:49:31,756:INFO:1
2018-05-07 14:49:31,756:INFO:

2018-05-07 14:49:31,756:INFO:read one seenit successfully

2018-05-07 14:49:31,757:INFO:read all posts successfully

2018-05-07 14:49:31,758:INFO:Print show_posts menu - Request user response

2018-05-07 14:49:34,259:INFO:Response: 2 - Choose One

2018-05-07 14:49:34,259:INFO:show_post request user response - Please input id of the one you choose

2018-05-07 14:50:54,175:INFO:Response: 
2018-05-07 14:50:54,176:INFO:6
2018-05-07 14:50:54,176:INFO:

2018-05-07 14:50:54,176:INFO:read one post successfully

2018-05-07 14:50:54,176:INFO:Print comment_and_vote_menu menu - Request user response

2018-05-07 14:51:00,042:INFO:Response: 4 - Exit

2018-05-07 14:51:02,455:INFO:Printing main menu - Request user response

2018-05-07 14:51:03,944:INFO:Response: 1 - Login

2018-05-07 14:51:03,944:INFO:Print login menu - Request user response

2018-05-07 14:51:05,457:INFO:Response: 4 - Exit

2018-05-07 14:51:08,242:INFO:Printing main menu - Request user response

2018-05-07 14:51:09,721:INFO:Response: 1 - Login

2018-05-07 14:51:09,722:INFO:Print login menu - Request user response

2018-05-07 14:51:11,361:INFO:Response: 2 - Already A Member

2018-05-07 14:51:11,362:INFO:Print login menu - Request user response

2018-05-07 14:51:15,866:INFO:login successfully

2018-05-07 14:51:15,867:INFO:Username: 
2018-05-07 14:51:15,867:INFO:test
2018-05-07 14:51:15,867:INFO: password: 
2018-05-07 14:51:15,867:INFO:test
2018-05-07 14:51:15,867:INFO: Are you an administrator? 
2018-05-07 14:51:15,867:INFO:y
2018-05-07 14:51:15,868:INFO:

2018-05-07 14:51:15,868:INFO:Printing main menu - Request user response

2018-05-07 14:51:18,362:INFO:Response: 2 - Show Seenits

2018-05-07 14:51:18,363:INFO:read all seenits successfully

2018-05-07 14:51:18,363:INFO:Print show_seenits menu - Request user reponse

2018-05-07 14:51:19,801:INFO:Response: 2 - Choose One

2018-05-07 14:51:19,802:INFO:show_seenit request user reponse - Please input id of the one you choose

2018-05-07 14:51:22,817:INFO:Response: 
2018-05-07 14:51:22,817:INFO:1
2018-05-07 14:51:22,817:INFO:

2018-05-07 14:51:22,817:INFO:read one seenit successfully

2018-05-07 14:51:22,818:INFO:read all posts successfully

2018-05-07 14:51:22,819:INFO:Print show_posts menu - Request user response

2018-05-07 14:52:10,016:INFO:Response: 6 - Exit

2018-05-07 14:52:11,783:INFO:Printing main menu - Request user response

2018-05-07 14:52:13,366:INFO:Response: 1 - Login

2018-05-07 14:52:13,367:INFO:Print login menu - Request user response

2018-05-07 14:52:15,590:INFO:Response: 2 - Already A Member

2018-05-07 14:52:15,590:INFO:Print login menu - Request user response

2018-05-07 14:52:21,273:INFO:login successfully

2018-05-07 14:52:21,273:INFO:Username: 
2018-05-07 14:52:21,274:INFO:test
2018-05-07 14:52:21,274:INFO: password: 
2018-05-07 14:52:21,274:INFO:test
2018-05-07 14:52:21,274:INFO: Are you an administrator? 
2018-05-07 14:52:21,275:INFO:y
2018-05-07 14:52:21,275:INFO:

2018-05-07 14:52:21,275:INFO:Printing main menu - Request user response

2018-05-07 14:52:22,632:INFO:Response: 2 - Show Seenits

2018-05-07 14:52:22,633:INFO:read all seenits successfully

2018-05-07 14:52:22,633:INFO:Print show_seenits menu - Request user reponse

2018-05-07 14:52:24,320:INFO:Response: 2 - Choose One

2018-05-07 14:52:24,321:INFO:show_seenit request user reponse - Please input id of the one you choose

2018-05-07 14:52:30,618:INFO:Response: 
2018-05-07 14:52:30,618:INFO:1
2018-05-07 14:52:30,618:INFO:

2018-05-07 14:52:30,618:INFO:read one seenit successfully

2018-05-07 14:52:30,619:INFO:read all posts successfully

2018-05-07 14:52:30,620:INFO:Print show_posts menu - Request user response

2018-05-07 14:52:32,714:INFO:Response: 2 - Choose One

2018-05-07 14:52:32,714:INFO:show_post request user response - Please input id of the one you choose

2018-05-07 14:52:38,585:INFO:Response: 
2018-05-07 14:52:38,585:INFO:1
2018-05-07 14:52:38,586:INFO:

2018-05-07 14:52:38,586:INFO:read one post successfully

2018-05-07 14:52:38,586:INFO:Print comment_and_vote_menu menu - Request user response

2018-05-07 14:53:14,665:INFO:Response: 1 - Show Comments

2018-05-07 14:53:14,669:INFO:read all comments successfully

2018-05-07 14:53:14,669:INFO:Print show_comments menu - Request user response

2018-05-07 14:57:23,295:INFO:Response: 6 - Exit

2018-05-07 14:57:24,943:INFO:Printing main menu - Request user response

2018-05-07 14:57:26,852:INFO:Response: 1 - Login

2018-05-07 14:57:26,852:INFO:Print login menu - Request user response

2018-05-07 14:57:29,618:INFO:Response: 2 - Already A Member

2018-05-07 14:57:29,618:INFO:Print login menu - Request user response

2018-05-07 14:57:35,581:INFO:login successfully

2018-05-07 14:57:35,581:INFO:Username: 
2018-05-07 14:57:35,581:INFO:test
2018-05-07 14:57:35,581:INFO: password: 
2018-05-07 14:57:35,582:INFO:test
2018-05-07 14:57:35,582:INFO: Are you an administrator? 
2018-05-07 14:57:35,582:INFO:y
2018-05-07 14:57:35,582:INFO:

2018-05-07 14:57:35,582:INFO:Printing main menu - Request user response

2018-05-07 14:57:37,996:INFO:Response: 2 - Show Seenits

2018-05-07 14:57:37,997:INFO:read all seenits successfully

2018-05-07 14:57:37,997:INFO:Print show_seenits menu - Request user reponse

2018-05-07 14:57:40,171:INFO:Response: 2 - Choose One

2018-05-07 14:57:40,172:INFO:show_seenit request user reponse - Please input id of the one you choose

2018-05-07 14:57:43,692:INFO:Response: 
2018-05-07 14:57:43,692:INFO:1
2018-05-07 14:57:43,692:INFO:

2018-05-07 14:57:43,693:INFO:read one seenit successfully

2018-05-07 14:57:43,693:INFO:read all posts successfully

2018-05-07 14:57:43,694:INFO:Print show_posts menu - Request user response

2018-05-07 14:57:50,753:INFO:Response: 2 - Choose One

2018-05-07 14:57:50,753:INFO:show_post request user response - Please input id of the one you choose

2018-05-07 14:57:55,939:INFO:Response: 
2018-05-07 14:57:55,940:INFO:1
2018-05-07 14:57:55,940:INFO:

2018-05-07 14:57:55,940:INFO:read one post successfully

2018-05-07 14:57:55,941:INFO:Print comment_and_vote_menu menu - Request user response

2018-05-07 14:58:05,032:INFO:Response: 1 - Show Comments

2018-05-07 14:58:05,033:INFO:read all comments successfully

2018-05-07 14:58:05,033:INFO:Print show_comments menu - Request user response

2018-05-07 14:58:32,686:INFO:Response: 2 - Choose One

2018-05-07 14:58:42,223:INFO:read one comment successfully

2018-05-07 14:58:42,224:INFO:read all comment upvotes successfully

2018-05-07 14:58:42,225:INFO:read all comment downvotes successfully

2018-05-07 14:58:42,225:INFO:Print show_votes menu - Request user's response

2018-05-07 15:02:04,184:INFO:Response: 6 - Exit
2018-05-07 15:02:27,478:INFO:Printing main menu - Request user response

2018-05-07 15:02:29,747:INFO:Response: 1 - Login

2018-05-07 15:02:29,747:INFO:Print login menu - Request user response

2018-05-07 15:02:30,822:INFO:Response: 2 - Already A Member

2018-05-07 15:02:30,823:INFO:Print login menu - Request user response

2018-05-07 15:02:35,017:INFO:login successfully

2018-05-07 15:02:35,017:INFO:Username: 
2018-05-07 15:02:35,017:INFO:test
2018-05-07 15:02:35,017:INFO: password: 
2018-05-07 15:02:35,017:INFO:test
2018-05-07 15:02:35,018:INFO: Are you an administrator? 
2018-05-07 15:02:35,018:INFO:y
2018-05-07 15:02:35,018:INFO:

2018-05-07 15:02:35,018:INFO:Printing main menu - Request user response

2018-05-07 15:02:38,505:INFO:Response: 2 - Show Seenits

2018-05-07 15:02:38,506:INFO:read all seenits successfully

2018-05-07 15:02:38,506:INFO:Print show_seenits menu - Request user reponse

2018-05-07 15:02:41,254:INFO:Response: 2 - Choose One

2018-05-07 15:02:41,254:INFO:show_seenit request user reponse - Please input id of the one you choose

2018-05-07 15:02:42,592:INFO:Response: 
2018-05-07 15:02:42,592:INFO:1
2018-05-07 15:02:42,592:INFO:

2018-05-07 15:02:42,593:INFO:read one seenit successfully

2018-05-07 15:02:42,594:INFO:read all posts successfully

2018-05-07 15:02:42,594:INFO:Print show_posts menu - Request user response

2018-05-07 15:02:45,928:INFO:Response: 2 - Choose One

2018-05-07 15:02:45,929:INFO:show_post request user response - Please input id of the one you choose

2018-05-07 15:02:49,208:INFO:Response: 
2018-05-07 15:02:49,208:INFO:1
2018-05-07 15:02:49,209:INFO:

2018-05-07 15:02:49,209:INFO:read one post successfully

2018-05-07 15:02:49,209:INFO:Print comment_and_vote_menu menu - Request user response

2018-05-07 15:02:59,887:INFO:Response: 2 - Show votes

2018-05-07 15:02:59,889:INFO:read all post upvote successfully

2018-05-07 15:02:59,890:INFO:read all post downvotes successfully

2018-05-07 15:02:59,890:INFO:Print show_votes menu - Request user's response

2018-05-07 15:04:26,223:INFO:Response: 6 - Exit
2018-05-07 15:04:29,172:INFO:Printing main menu - Request user response

2018-05-07 15:04:31,366:INFO:Response: 1 - Login

2018-05-07 15:04:31,367:INFO:Print login menu - Request user response

2018-05-07 15:04:33,206:INFO:Response: 2 - Already A Member

2018-05-07 15:04:33,206:INFO:Print login menu - Request user response

2018-05-07 15:04:37,576:INFO:login successfully

2018-05-07 15:04:37,576:INFO:Username: 
2018-05-07 15:04:37,577:INFO:test
2018-05-07 15:04:37,577:INFO: password: 
2018-05-07 15:04:37,577:INFO:test
2018-05-07 15:04:37,577:INFO: Are you an administrator? 
2018-05-07 15:04:37,577:INFO:y
2018-05-07 15:04:37,577:INFO:

2018-05-07 15:04:37,577:INFO:Printing main menu - Request user response

2018-05-07 15:04:39,302:INFO:Response: 2 - Show Seenits

2018-05-07 15:04:39,303:INFO:read all seenits successfully

2018-05-07 15:04:39,303:INFO:Print show_seenits menu - Request user reponse

2018-05-07 15:04:41,158:INFO:Response: 2 - Choose One

2018-05-07 15:04:41,158:INFO:show_seenit request user reponse - Please input id of the one you choose

2018-05-07 15:04:43,262:INFO:Response: 
2018-05-07 15:04:43,263:INFO:1
2018-05-07 15:04:43,263:INFO:

2018-05-07 15:04:43,263:INFO:read one seenit successfully

2018-05-07 15:04:43,265:INFO:read all posts successfully

2018-05-07 15:04:43,265:INFO:Print show_posts menu - Request user response

2018-05-07 15:04:45,428:INFO:Response: 2 - Choose One

2018-05-07 15:04:45,428:INFO:show_post request user response - Please input id of the one you choose

2018-05-07 15:04:46,719:INFO:Response: 
2018-05-07 15:04:46,719:INFO:1
2018-05-07 15:04:46,719:INFO:

2018-05-07 15:04:46,720:INFO:read one post successfully

2018-05-07 15:04:46,720:INFO:Print comment_and_vote_menu menu - Request user response

2018-05-07 15:04:51,685:INFO:Response: 2 - Show votes

2018-05-07 15:04:51,686:INFO:read all post upvote successfully

2018-05-07 15:04:51,687:INFO:read all post downvotes successfully

2018-05-07 15:04:51,687:INFO:Print show_votes menu - Request user's response

2018-05-07 15:05:53,963:INFO:Response: 6 - Exit
2018-05-07 15:06:06,327:INFO:Printing main menu - Request user response

2018-05-07 15:06:07,843:INFO:Response: 1 - Login

2018-05-07 15:06:07,843:INFO:Print login menu - Request user response

2018-05-07 15:06:08,650:INFO:Response: 2 - Already A Member

2018-05-07 15:06:08,651:INFO:Print login menu - Request user response

2018-05-07 15:06:14,587:INFO:login successfully

2018-05-07 15:06:14,587:INFO:Username: 
2018-05-07 15:06:14,588:INFO:test
2018-05-07 15:06:14,588:INFO: password: 
2018-05-07 15:06:14,588:INFO:test
2018-05-07 15:06:14,588:INFO: Are you an administrator? 
2018-05-07 15:06:14,588:INFO:y
2018-05-07 15:06:14,588:INFO:

2018-05-07 15:06:14,589:INFO:Printing main menu - Request user response

2018-05-07 15:06:18,706:INFO:Response: 2 - Show Seenits

2018-05-07 15:06:18,707:INFO:read all seenits successfully

2018-05-07 15:06:18,708:INFO:Print show_seenits menu - Request user reponse

2018-05-07 15:06:20,242:INFO:Response: 2 - Choose One

2018-05-07 15:06:20,243:INFO:show_seenit request user reponse - Please input id of the one you choose

2018-05-07 15:06:21,482:INFO:Response: 
2018-05-07 15:06:21,482:INFO:1
2018-05-07 15:06:21,483:INFO:

2018-05-07 15:06:21,483:INFO:read one seenit successfully

2018-05-07 15:06:21,484:INFO:read all posts successfully

2018-05-07 15:06:21,485:INFO:Print show_posts menu - Request user response

2018-05-07 15:06:24,000:INFO:Response: 2 - Choose One

2018-05-07 15:06:24,000:INFO:show_post request user response - Please input id of the one you choose

2018-05-07 15:06:25,130:INFO:Response: 
2018-05-07 15:06:25,130:INFO:1
2018-05-07 15:06:25,131:INFO:

2018-05-07 15:06:25,131:INFO:read one post successfully

2018-05-07 15:06:25,131:INFO:Print comment_and_vote_menu menu - Request user response

2018-05-07 15:06:29,874:INFO:Response: 2 - Show votes

2018-05-07 15:06:29,875:INFO:read all post upvote successfully

2018-05-07 15:06:29,876:INFO:read all post downvotes successfully

2018-05-07 15:06:29,877:INFO:Print show_votes menu - Request user's response

2018-05-07 15:09:28,933:INFO:Response: 6 - Exit
2018-05-07 15:09:39,326:INFO:Printing main menu - Request user response

2018-05-07 15:09:40,639:INFO:Response: 1 - Login

2018-05-07 15:09:40,640:INFO:Print login menu - Request user response

2018-05-07 15:09:41,767:INFO:Response: 2 - Already A Member

2018-05-07 15:09:41,767:INFO:Print login menu - Request user response

2018-05-07 15:09:47,216:INFO:login successfully

2018-05-07 15:09:47,216:INFO:Username: 
2018-05-07 15:09:47,217:INFO:test
2018-05-07 15:09:47,217:INFO: password: 
2018-05-07 15:09:47,217:INFO:test
2018-05-07 15:09:47,217:INFO: Are you an administrator? 
2018-05-07 15:09:47,217:INFO:y
2018-05-07 15:09:47,217:INFO:

2018-05-07 15:09:47,217:INFO:Printing main menu - Request user response

2018-05-07 15:09:49,421:INFO:Response: 2 - Show Seenits

2018-05-07 15:09:49,422:INFO:read all seenits successfully

2018-05-07 15:09:49,423:INFO:Print show_seenits menu - Request user reponse

2018-05-07 15:09:51,534:INFO:Response: 2 - Choose One

2018-05-07 15:09:51,535:INFO:show_seenit request user reponse - Please input id of the one you choose

2018-05-07 15:09:53,205:INFO:Response: 
2018-05-07 15:09:53,206:INFO:1
2018-05-07 15:09:53,206:INFO:

2018-05-07 15:09:53,206:INFO:read one seenit successfully

2018-05-07 15:09:53,207:INFO:read all posts successfully

2018-05-07 15:09:53,207:INFO:Print show_posts menu - Request user response

2018-05-07 15:09:54,639:INFO:Response: 2 - Choose One

2018-05-07 15:09:54,639:INFO:show_post request user response - Please input id of the one you choose

2018-05-07 15:09:57,551:INFO:Response: 
2018-05-07 15:09:57,551:INFO:1
2018-05-07 15:09:57,551:INFO:

2018-05-07 15:09:57,551:INFO:read one post successfully

2018-05-07 15:09:57,552:INFO:Print comment_and_vote_menu menu - Request user response

2018-05-07 15:10:00,671:INFO:Response: 2 - Show votes

2018-05-07 15:10:00,672:INFO:read all post upvote successfully

2018-05-07 15:10:00,673:INFO:read all post downvotes successfully

2018-05-07 15:10:00,673:INFO:Print show_votes menu - Request user's response

2018-05-07 15:40:26,779:INFO:Response: 6 - Exit
2018-05-07 15:40:34,266:INFO:Printing main menu - Request user response

2018-05-07 15:40:36,763:INFO:Response: 1 - Login

2018-05-07 15:40:36,764:INFO:Print login menu - Request user response

2018-05-07 15:40:37,701:INFO:Response: 2 - Already A Member

2018-05-07 15:40:37,701:INFO:Print login menu - Request user response

2018-05-07 15:40:45,598:INFO:login successfully

2018-05-07 15:40:45,598:INFO:Username: 
2018-05-07 15:40:45,598:INFO:test
2018-05-07 15:40:45,598:INFO: password: 
2018-05-07 15:40:45,598:INFO:test
2018-05-07 15:40:45,598:INFO: Are you an administrator? 
2018-05-07 15:40:45,598:INFO:y
2018-05-07 15:40:45,598:INFO:

2018-05-07 15:40:45,599:INFO:Printing main menu - Request user response

2018-05-07 15:40:47,380:INFO:Response: 2 - Show Seenits

2018-05-07 15:40:47,382:INFO:read all seenits successfully

2018-05-07 15:40:47,383:INFO:Print show_seenits menu - Request user reponse

2018-05-07 15:40:50,676:INFO:Response: 2 - Choose One

2018-05-07 15:40:50,677:INFO:show_seenit request user reponse - Please input id of the one you choose

2018-05-07 15:40:52,578:INFO:Response: 
2018-05-07 15:40:52,579:INFO:1
2018-05-07 15:40:52,579:INFO:

2018-05-07 15:40:52,579:INFO:read one seenit successfully

2018-05-07 15:40:52,580:INFO:read all posts successfully

2018-05-07 15:40:52,581:INFO:Print show_posts menu - Request user response

2018-05-07 15:40:54,076:INFO:Response: 2 - Choose One

2018-05-07 15:40:54,076:INFO:show_post request user response - Please input id of the one you choose

2018-05-07 15:40:55,314:INFO:Response: 
2018-05-07 15:40:55,315:INFO:1
2018-05-07 15:40:55,315:INFO:

2018-05-07 15:40:55,315:INFO:read one post successfully

2018-05-07 15:40:55,315:INFO:Print comment_and_vote_menu menu - Request user response

2018-05-07 15:41:03,276:INFO:Response: 2 - Show votes

2018-05-07 15:41:03,278:INFO:read all post upvote successfully

2018-05-07 15:41:03,279:INFO:read all post downvote successfully

2018-05-07 15:41:03,279:INFO:Print show_votes menu - Request user's response

2018-05-07 15:41:15,251:INFO:Response: 5 - Main Menu
2018-05-07 15:41:15,253:INFO:Printing main menu - Request user response

2018-05-07 15:41:22,203:INFO:Response: 2 - Show Seenits

2018-05-07 15:41:22,205:INFO:read all seenits successfully

2018-05-07 15:41:22,205:INFO:Print show_seenits menu - Request user reponse

2018-05-07 15:41:29,613:INFO:Response: 2 - Choose One

2018-05-07 15:41:29,613:INFO:show_seenit request user reponse - Please input id of the one you choose

2018-05-07 15:41:33,676:INFO:Response: 
2018-05-07 15:41:33,678:INFO:1
2018-05-07 15:41:33,678:INFO:

2018-05-07 15:41:33,679:INFO:read one seenit successfully

2018-05-07 15:41:33,679:INFO:read all posts successfully

2018-05-07 15:41:33,679:INFO:Print show_posts menu - Request user response

2018-05-07 15:41:42,020:INFO:Response: 2 - Choose One

2018-05-07 15:41:42,022:INFO:show_post request user response - Please input id of the one you choose

2018-05-07 15:41:43,052:INFO:Response: 
2018-05-07 15:41:43,052:INFO:1
2018-05-07 15:41:43,053:INFO:

2018-05-07 15:41:43,053:INFO:read one post successfully

2018-05-07 15:41:43,054:INFO:Print comment_and_vote_menu menu - Request user response

2018-05-07 15:41:48,820:INFO:Response: 1 - Show Comments

2018-05-07 15:41:48,824:INFO:read all comments successfully

2018-05-07 15:41:48,824:INFO:Print show_comments menu - Request user response

2018-05-07 15:41:59,580:INFO:Response: 2 - Choose One

2018-05-07 15:42:01,662:INFO:read one comment successfully

2018-05-07 15:42:01,663:INFO:read all comment upvote successfully

2018-05-07 15:42:01,664:INFO:read all comment downvote successfully

2018-05-07 15:42:01,664:INFO:Print show_votes menu - Request user's response

2018-05-07 15:43:16,192:INFO:Response: 1 - Up

2018-05-07 15:43:16,200:INFO:insert comment upvote error

2018-05-07 15:43:16,200:INFO:read one comment successfully

2018-05-07 15:43:16,201:INFO:read all comment upvote successfully

2018-05-07 15:43:16,201:INFO:read all comment downvote successfully

2018-05-07 15:43:16,202:INFO:Print show_votes menu - Request user's response

2018-05-07 15:43:27,574:INFO:Response: 1 - Up

2018-05-07 15:43:27,574:INFO:insert comment upvote error

2018-05-07 15:43:27,574:INFO:read one comment successfully

2018-05-07 15:43:27,575:INFO:read all comment upvote successfully

2018-05-07 15:43:27,575:INFO:read all comment downvote successfully

2018-05-07 15:43:27,575:INFO:Print show_votes menu - Request user's response

2018-05-07 15:47:50,223:INFO:Response: 5 - Main Menu
2018-05-07 15:47:50,226:INFO:Printing main menu - Request user response

2018-05-07 15:47:56,107:INFO:Response: 2 - Show Seenits

2018-05-07 15:47:56,108:INFO:read all seenits successfully

2018-05-07 15:47:56,108:INFO:Print show_seenits menu - Request user reponse

2018-05-07 15:47:59,693:INFO:Response: 2 - Choose One

2018-05-07 15:47:59,693:INFO:show_seenit request user reponse - Please input id of the one you choose

2018-05-07 15:48:01,227:INFO:Response: 
2018-05-07 15:48:01,227:INFO:1
2018-05-07 15:48:01,228:INFO:

2018-05-07 15:48:01,228:INFO:read one seenit successfully

2018-05-07 15:48:01,228:INFO:read all posts successfully

2018-05-07 15:48:01,229:INFO:Print show_posts menu - Request user response

2018-05-07 15:48:03,725:INFO:Response: 2 - Choose One

2018-05-07 15:48:03,726:INFO:show_post request user response - Please input id of the one you choose

2018-05-07 15:48:05,811:INFO:Response: 
2018-05-07 15:48:05,811:INFO:1
2018-05-07 15:48:05,812:INFO:

2018-05-07 15:48:05,812:INFO:read one post successfully

2018-05-07 15:48:05,812:INFO:Print comment_and_vote_menu menu - Request user response

2018-05-07 15:48:10,684:INFO:Response: 1 - Show Comments

2018-05-07 15:48:10,685:INFO:read all comments successfully

2018-05-07 15:48:10,685:INFO:Print show_comments menu - Request user response

2018-05-07 15:48:16,890:INFO:Response: 6 - Exit

2018-05-07 15:49:24,644:INFO:Build database

2018-05-07 15:49:24,645:INFO:Creating tables in seenit.db
2018-05-07 15:49:24,675:INFO:Inserting value into User table
2018-05-07 15:49:24,677:INFO:Inserting value into Seenit table
2018-05-07 15:49:24,680:INFO:Inserting value into Post table
2018-05-07 15:49:24,682:INFO:Inserting value into Comment table
2018-05-07 15:49:24,683:INFO:Inserting value into Post_Upvote table
2018-05-07 15:49:24,685:INFO:Inserting value into Comment_Upvote table
2018-05-07 15:49:24,687:INFO:Printing main menu - Request user response

2018-05-07 15:49:26,845:INFO:Response: 1 - Login

2018-05-07 15:49:26,845:INFO:Print login menu - Request user response

2018-05-07 15:49:29,596:INFO:Response: 1 - Register

2018-05-07 15:49:29,596:INFO:Register request user response

2018-05-07 15:49:36,565:INFO:Response: 
2018-05-07 15:49:36,565:INFO:user name: 
2018-05-07 15:49:36,565:INFO:test
2018-05-07 15:49:36,566:INFO: password: 
2018-05-07 15:49:36,566:INFO:test
2018-05-07 15:49:36,566:INFO: email: 
2018-05-07 15:49:36,566:INFO:test
2018-05-07 15:49:36,566:INFO:Are you administrator? 
2018-05-07 15:49:36,566:INFO:y
2018-05-07 15:49:36,566:INFO:

2018-05-07 15:49:36,567:INFO:insert user successfully

2018-05-07 15:49:36,570:INFO:Printing main menu - Request user response

2018-05-07 15:49:38,316:INFO:Response: 2 - Show Seenits

2018-05-07 15:49:38,318:INFO:read all seenits successfully

2018-05-07 15:49:38,318:INFO:Print show_seenits menu - Request user reponse

2018-05-07 15:49:42,011:INFO:Response: 2 - Choose One

2018-05-07 15:49:42,011:INFO:show_seenit request user reponse - Please input id of the one you choose

2018-05-07 15:49:44,996:INFO:Response: 
2018-05-07 15:49:44,997:INFO:1
2018-05-07 15:49:44,997:INFO:

2018-05-07 15:49:44,997:INFO:read one seenit successfully

2018-05-07 15:49:44,999:INFO:read all posts successfully

2018-05-07 15:49:44,999:INFO:Print show_posts menu - Request user response

2018-05-07 15:49:48,877:INFO:Response: 2 - Choose One

2018-05-07 15:49:48,877:INFO:show_post request user response - Please input id of the one you choose

2018-05-07 15:49:50,717:INFO:Response: 
2018-05-07 15:49:50,717:INFO:1
2018-05-07 15:49:50,718:INFO:

2018-05-07 15:49:50,718:INFO:read one post successfully

2018-05-07 15:49:50,718:INFO:Print comment_and_vote_menu menu - Request user response

2018-05-07 15:49:54,712:INFO:Response: 2 - Show votes

2018-05-07 15:49:54,714:INFO:read all post upvote successfully

2018-05-07 15:49:54,714:INFO:read all post downvote successfully

2018-05-07 15:49:54,715:INFO:Print show_votes menu - Request user's response

2018-05-07 15:49:59,472:INFO:Response: 1 - Up

2018-05-07 15:49:59,475:INFO:insert post upvote successfully

2018-05-07 15:49:59,477:INFO:read all post upvote successfully

2018-05-07 15:49:59,477:INFO:read all post downvote successfully

2018-05-07 15:49:59,478:INFO:Print show_votes menu - Request user's response

2018-05-07 15:50:06,784:INFO:Response: 2 - Down

2018-05-07 15:50:06,785:INFO:insert post downvote successfully

2018-05-07 15:50:06,788:INFO:read all post upvote successfully

2018-05-07 15:50:06,788:INFO:read all post downvote successfully

2018-05-07 15:50:06,788:INFO:Print show_votes menu - Request user's response

2018-05-07 15:50:12,928:INFO:Response: 5 - Main Menu
2018-05-07 15:50:12,928:INFO:Printing main menu - Request user response

2018-05-07 15:50:15,000:INFO:Response: 2 - Show Seenits

2018-05-07 15:50:15,001:INFO:read all seenits successfully

2018-05-07 15:50:15,001:INFO:Print show_seenits menu - Request user reponse

2018-05-07 15:50:20,344:INFO:Response: 2 - Choose One

2018-05-07 15:50:20,346:INFO:show_seenit request user reponse - Please input id of the one you choose

2018-05-07 15:50:21,082:INFO:Response: 
2018-05-07 15:50:21,082:INFO:1
2018-05-07 15:50:21,083:INFO:

2018-05-07 15:50:21,083:INFO:read one seenit successfully

2018-05-07 15:50:21,083:INFO:read all posts successfully

2018-05-07 15:50:21,084:INFO:Print show_posts menu - Request user response

2018-05-07 15:50:25,017:INFO:Response: 2 - Choose One

2018-05-07 15:50:25,017:INFO:show_post request user response - Please input id of the one you choose

2018-05-07 15:50:30,514:INFO:Response: 
2018-05-07 15:50:30,519:INFO:1
2018-05-07 15:50:30,519:INFO:

2018-05-07 15:50:30,519:INFO:read one post successfully

2018-05-07 15:50:30,519:INFO:Print comment_and_vote_menu menu - Request user response

2018-05-07 15:50:33,170:INFO:Response: 1 - Show Comments

2018-05-07 15:50:33,171:INFO:read all comments successfully

2018-05-07 15:50:33,172:INFO:Print show_comments menu - Request user response

2018-05-07 15:50:42,930:INFO:Response: 2 - Choose One

2018-05-07 15:50:44,090:INFO:read one comment successfully

2018-05-07 15:50:44,091:INFO:read all comment upvote successfully

2018-05-07 15:50:44,092:INFO:read all comment downvote successfully

2018-05-07 15:50:44,092:INFO:Print show_votes menu - Request user's response

2018-05-07 15:51:28,505:INFO:Response: 1 - Up

2018-05-07 15:51:28,507:INFO:insert comment upvote error

2018-05-07 15:51:28,508:INFO:read one comment successfully

2018-05-07 15:51:28,508:INFO:read all comment upvote successfully

2018-05-07 15:51:28,509:INFO:read all comment downvote successfully

2018-05-07 15:51:28,509:INFO:Print show_votes menu - Request user's response

2018-05-07 15:53:39,475:INFO:Response: 6 - Exit
2018-05-07 15:53:41,101:INFO:Build database

2018-05-07 15:53:41,101:INFO:Creating tables in seenit.db
2018-05-07 15:53:41,129:INFO:Inserting value into User table
2018-05-07 15:53:41,131:INFO:Inserting value into Seenit table
2018-05-07 15:53:41,133:INFO:Inserting value into Post table
2018-05-07 15:53:41,135:INFO:Inserting value into Comment table
2018-05-07 15:53:41,137:INFO:Inserting value into Post_Upvote table
2018-05-07 15:53:41,139:INFO:Inserting value into Comment_Upvote table
2018-05-07 15:53:41,141:INFO:Printing main menu - Request user response

2018-05-07 15:53:43,131:INFO:Response: 1 - Login

2018-05-07 15:53:43,131:INFO:Print login menu - Request user response

2018-05-07 15:53:45,413:INFO:Response: 1 - Register

2018-05-07 15:53:45,413:INFO:Register request user response

2018-05-07 15:53:51,604:INFO:Response: 
2018-05-07 15:53:51,604:INFO:user name: 
2018-05-07 15:53:51,604:INFO:test
2018-05-07 15:53:51,604:INFO: password: 
2018-05-07 15:53:51,605:INFO:test
2018-05-07 15:53:51,605:INFO: email: 
2018-05-07 15:53:51,605:INFO:test
2018-05-07 15:53:51,605:INFO:Are you administrator? 
2018-05-07 15:53:51,605:INFO:y
2018-05-07 15:53:51,605:INFO:

2018-05-07 15:53:51,607:INFO:insert user successfully

2018-05-07 15:53:51,608:INFO:Printing main menu - Request user response

2018-05-07 15:53:53,261:INFO:Response: 2 - Show Seenits

2018-05-07 15:53:53,262:INFO:read all seenits successfully

2018-05-07 15:53:53,262:INFO:Print show_seenits menu - Request user reponse

2018-05-07 15:53:54,652:INFO:Response: 2 - Choose One

2018-05-07 15:53:54,653:INFO:show_seenit request user reponse - Please input id of the one you choose

2018-05-07 15:53:55,988:INFO:Response: 
2018-05-07 15:53:55,989:INFO:1
2018-05-07 15:53:55,989:INFO:

2018-05-07 15:53:55,989:INFO:read one seenit successfully

2018-05-07 15:53:55,990:INFO:read all posts successfully

2018-05-07 15:53:55,991:INFO:Print show_posts menu - Request user response

2018-05-07 15:53:57,741:INFO:Response: 2 - Choose One

2018-05-07 15:53:57,741:INFO:show_post request user response - Please input id of the one you choose

2018-05-07 15:54:00,004:INFO:Response: 
2018-05-07 15:54:00,004:INFO:1
2018-05-07 15:54:00,004:INFO:

2018-05-07 15:54:00,004:INFO:read one post successfully

2018-05-07 15:54:00,005:INFO:Print comment_and_vote_menu menu - Request user response

2018-05-07 15:54:04,176:INFO:Response: 1 - Show Comments

2018-05-07 15:54:04,177:INFO:read all comments successfully

2018-05-07 15:54:04,178:INFO:Print show_comments menu - Request user response

2018-05-07 15:54:07,576:INFO:Response: 2 - Choose One

2018-05-07 15:54:12,048:INFO:read one comment successfully

2018-05-07 15:54:12,049:INFO:read all comment upvote successfully

2018-05-07 15:54:12,050:INFO:read all comment downvote successfully

2018-05-07 15:54:12,050:INFO:Print show_votes menu - Request user's response

2018-05-07 15:54:17,239:INFO:Response: 1 - Up

2018-05-07 15:54:17,240:INFO:insert comment upvote error

2018-05-07 15:54:17,240:INFO:read one comment successfully

2018-05-07 15:54:17,240:INFO:read all comment upvote successfully

2018-05-07 15:54:17,240:INFO:read all comment downvote successfully

2018-05-07 15:54:17,241:INFO:Print show_votes menu - Request user's response

2018-05-07 15:59:28,248:INFO:Response: 6 - Exit
2018-05-07 21:24:20,722:INFO:Build database

2018-05-07 21:24:20,723:INFO:Creating tables in seenit.db
2018-05-07 21:24:20,755:INFO:Inserting value into User table
2018-05-07 21:24:20,757:INFO:Inserting value into Seenit table
2018-05-07 21:24:20,759:INFO:Inserting value into Post table
2018-05-07 21:24:20,761:INFO:Inserting value into Comment table
2018-05-07 21:24:20,764:INFO:Inserting value into Post_Upvote table
2018-05-07 21:24:20,766:INFO:Inserting value into Comment_Upvote table
2018-05-07 21:24:20,768:INFO:Printing main menu - Request user response

2018-05-07 21:24:41,421:INFO:Response: 1 - Login

2018-05-07 21:24:41,422:INFO:Print login menu - Request user response

2018-05-07 21:24:45,326:INFO:Response: 1 - Register

2018-05-07 21:24:45,327:INFO:Register request user response

2018-05-07 21:24:53,877:INFO:Response: 
2018-05-07 21:24:53,882:INFO:user name: 
2018-05-07 21:24:53,882:INFO:test
2018-05-07 21:24:53,883:INFO: password: 
2018-05-07 21:24:53,883:INFO:test
2018-05-07 21:24:53,883:INFO: email: 
2018-05-07 21:24:53,883:INFO:test
2018-05-07 21:24:53,883:INFO:Are you administrator? 
2018-05-07 21:24:53,883:INFO:y
2018-05-07 21:24:53,883:INFO:

2018-05-07 21:24:53,884:INFO:insert user successfully

2018-05-07 21:24:53,886:INFO:Printing main menu - Request user response

2018-05-07 21:25:10,449:INFO:Response: 2 - Show Seenits

2018-05-07 21:25:10,452:INFO:read all seenits successfully

2018-05-07 21:25:10,453:INFO:Print show_seenits menu - Request user reponse

2018-05-07 21:25:17,232:INFO:Response: 2 - Choose One

2018-05-07 21:25:17,232:INFO:show_seenit request user reponse - Please input id of the one you choose

2018-05-07 21:25:26,232:INFO:Response: 
2018-05-07 21:25:26,233:INFO:1
2018-05-07 21:25:26,233:INFO:

2018-05-07 21:25:26,233:INFO:read one seenit successfully

2018-05-07 21:25:26,234:INFO:read all posts successfully

2018-05-07 21:25:26,235:INFO:Print show_posts menu - Request user response

2018-05-07 21:25:49,734:INFO:Response: 2 - Choose One

2018-05-07 21:25:49,734:INFO:show_post request user response - Please input id of the one you choose

2018-05-07 21:25:52,479:INFO:Response: 
2018-05-07 21:25:52,479:INFO:1
2018-05-07 21:25:52,480:INFO:

2018-05-07 21:25:52,480:INFO:read one post successfully

2018-05-07 21:25:52,480:INFO:Print comment_and_vote_menu menu - Request user response

2018-05-07 21:26:06,631:INFO:Response: 1 - Show Comments

2018-05-07 21:26:06,632:INFO:read all comments successfully

2018-05-07 21:26:06,633:INFO:Print show_comments menu - Request user response

2018-05-07 21:26:17,769:INFO:Response: 2 - Choose One

2018-05-07 21:26:21,482:INFO:read one comment successfully

2018-05-07 21:26:21,483:INFO:read all comment upvote successfully

2018-05-07 21:26:21,486:INFO:read all comment downvote successfully

2018-05-07 21:26:21,486:INFO:Print show_votes menu - Request user's response

2018-05-07 21:26:27,355:INFO:Response: 1 - Up

2018-05-07 21:26:27,356:INFO:insert comment upvote error

2018-05-07 21:26:27,356:INFO:read one comment successfully

2018-05-07 21:26:27,356:INFO:read all comment upvote successfully

2018-05-07 21:26:27,357:INFO:read all comment downvote successfully

2018-05-07 21:26:27,357:INFO:Print show_votes menu - Request user's response

2018-05-07 21:26:48,616:INFO:Response: 2 - Down

2018-05-07 21:26:48,619:INFO:Insert comment downvote successfully

2018-05-07 21:26:48,620:INFO:read one comment successfully

2018-05-07 21:26:48,621:INFO:read all comment upvote successfully

2018-05-07 21:26:48,621:INFO:read all comment downvote successfully

2018-05-07 21:26:48,621:INFO:Print show_votes menu - Request user's response

2018-05-07 21:28:09,705:INFO:Build database

2018-05-07 21:28:09,705:INFO:Creating tables in seenit.db
2018-05-07 21:28:09,729:INFO:Inserting value into User table
2018-05-07 21:28:09,731:INFO:Inserting value into Seenit table
2018-05-07 21:28:09,732:INFO:Inserting value into Post table
2018-05-07 21:28:09,734:INFO:Inserting value into Comment table
2018-05-07 21:28:09,736:INFO:Inserting value into Post_Upvote table
2018-05-07 21:28:09,738:INFO:Inserting value into Comment_Upvote table
2018-05-07 21:28:09,739:INFO:Printing main menu - Request user response

2018-05-07 21:28:12,408:INFO:Response: 1 - Login

2018-05-07 21:28:12,409:INFO:Print login menu - Request user response

2018-05-07 21:28:20,205:INFO:Response: 2 - Already A Member

2018-05-07 21:28:20,205:INFO:Print login menu - Request user response

2018-05-07 21:28:37,103:INFO:login error

2018-05-07 21:28:37,103:INFO:Username: 
2018-05-07 21:28:37,103:INFO:test
2018-05-07 21:28:37,103:INFO: password: 
2018-05-07 21:28:37,103:INFO:test
2018-05-07 21:28:37,103:INFO: Are you an administrator? 
2018-05-07 21:28:37,103:INFO:y
2018-05-07 21:28:37,104:INFO:

2018-05-07 21:28:37,104:INFO:Printing main menu - Request user response

2018-05-07 21:28:46,753:INFO:Response: 1 - Login

2018-05-07 21:28:46,753:INFO:Print login menu - Request user response

2018-05-07 21:28:48,577:INFO:Response: 1 - Register

2018-05-07 21:28:48,577:INFO:Register request user response

2018-05-07 21:29:00,997:INFO:Response: 
2018-05-07 21:29:00,997:INFO:user name: 
2018-05-07 21:29:00,998:INFO:test
2018-05-07 21:29:00,998:INFO: password: 
2018-05-07 21:29:00,998:INFO:test
2018-05-07 21:29:00,998:INFO: email: 
2018-05-07 21:29:00,998:INFO:test
2018-05-07 21:29:00,999:INFO:Are you administrator? 
2018-05-07 21:29:00,999:INFO:y
2018-05-07 21:29:00,999:INFO:

2018-05-07 21:29:01,000:INFO:insert user successfully

2018-05-07 21:29:01,001:INFO:Printing main menu - Request user response

2018-05-07 21:29:03,651:INFO:Response: 2 - Show Seenits

2018-05-07 21:29:03,654:INFO:read all seenits successfully

2018-05-07 21:29:03,654:INFO:Print show_seenits menu - Request user reponse

2018-05-07 21:29:11,718:INFO:Response: 2 - Choose One

2018-05-07 21:29:11,719:INFO:show_seenit request user reponse - Please input id of the one you choose

2018-05-07 21:29:14,755:INFO:Response: 
2018-05-07 21:29:14,755:INFO:1
2018-05-07 21:29:14,755:INFO:

2018-05-07 21:29:14,755:INFO:read one seenit successfully

2018-05-07 21:29:14,756:INFO:read all posts successfully

2018-05-07 21:29:14,757:INFO:Print show_posts menu - Request user response

2018-05-07 21:29:26,476:INFO:Response: 1 - Create One

2018-05-07 21:29:26,477:INFO:insert_post request user response - Please input your post

2018-05-07 21:29:37,696:INFO:Response: 
2018-05-07 21:29:37,697:INFO:testpost
2018-05-07 21:29:37,697:INFO:

2018-05-07 21:29:37,697:INFO:insert post successfully

2018-05-07 21:29:37,699:INFO:read all posts successfully

2018-05-07 21:29:37,699:INFO:Print show_posts menu - Request user response

2018-05-07 21:29:54,019:INFO:Response: 2 - Choose One

2018-05-07 21:29:54,019:INFO:show_post request user response - Please input id of the one you choose

2018-05-07 21:29:56,806:INFO:Response: 
2018-05-07 21:29:56,807:INFO:1
2018-05-07 21:29:56,807:INFO:

2018-05-07 21:29:56,807:INFO:read one post successfully

2018-05-07 21:29:56,808:INFO:Print comment_and_vote_menu menu - Request user response

2018-05-07 21:30:04,223:INFO:Response: 1 - Show Comments

2018-05-07 21:30:04,224:INFO:read all comments successfully

2018-05-07 21:30:04,224:INFO:Print show_comments menu - Request user response

2018-05-07 21:30:12,401:INFO:Response: 2 - Choose One

2018-05-07 21:30:14,168:INFO:read one comment successfully

2018-05-07 21:30:14,169:INFO:read all comment upvote successfully

2018-05-07 21:30:14,171:INFO:read all comment downvote successfully

2018-05-07 21:30:14,172:INFO:Print show_votes menu - Request user's response

2018-05-07 21:30:18,983:INFO:Response: 1 - Up

2018-05-07 21:30:18,984:INFO:insert comment upvote successfully

2018-05-07 21:30:18,987:INFO:read one comment successfully

2018-05-07 21:30:18,987:INFO:read all comment upvote successfully

2018-05-07 21:30:18,987:INFO:read all comment downvote successfully

2018-05-07 21:30:18,987:INFO:Print show_votes menu - Request user's response

2018-05-07 21:30:24,124:INFO:Response: 6 - Exit
2018-05-07 21:34:20,727:INFO:Build database

2018-05-07 21:34:20,727:INFO:Creating tables in seenit.db
2018-05-07 21:34:20,757:INFO:Inserting value into User table
2018-05-07 21:34:20,759:INFO:Inserting value into Seenit table
2018-05-07 21:34:20,761:INFO:Inserting value into Post table
2018-05-07 21:34:20,763:INFO:Inserting value into Comment table
2018-05-07 21:34:20,765:INFO:Inserting value into Post_Upvote table
2018-05-07 21:34:20,767:INFO:Inserting value into Comment_Upvote table
2018-05-07 21:34:20,769:INFO:Printing main menu - Request user response

2018-05-07 21:35:05,678:INFO:Response: 4 - Exit

2018-05-07 21:35:07,168:INFO:Build database

2018-05-07 21:35:07,168:INFO:Creating tables in seenit.db
2018-05-07 21:35:07,194:INFO:Inserting value into User table
2018-05-07 21:35:07,196:INFO:Inserting value into Seenit table
2018-05-07 21:35:07,197:INFO:Inserting value into Post table
2018-05-07 21:35:07,200:INFO:Inserting value into Comment table
2018-05-07 21:35:07,202:INFO:Inserting value into Post_Upvote table
2018-05-07 21:35:07,204:INFO:Inserting value into Comment_Upvote table
2018-05-07 21:35:07,206:INFO:Printing main menu - Request user response

2018-05-07 21:35:55,358:INFO:Response: 4 - Exit

2018-05-07 21:35:56,933:INFO:Build database

2018-05-07 21:35:56,933:INFO:Creating tables in seenit.db
2018-05-07 21:35:56,963:INFO:Inserting value into User table
2018-05-07 21:35:56,965:INFO:Inserting value into Seenit table
2018-05-07 21:35:56,967:INFO:Inserting value into Post table
2018-05-07 21:35:56,969:INFO:Inserting value into Comment table
2018-05-07 21:35:56,971:INFO:Inserting value into Post_Upvote table
2018-05-07 21:35:56,973:INFO:Inserting value into Comment_Upvote table
2018-05-07 21:35:56,975:INFO:Printing main menu - Request user response

2018-05-07 21:36:28,298:INFO:Response: 4 - Exit

2018-05-07 21:36:30,725:INFO:Build database

2018-05-07 21:36:30,725:INFO:Creating tables in seenit.db
2018-05-07 21:36:30,755:INFO:Inserting value into User table
2018-05-07 21:36:30,756:INFO:Inserting value into Seenit table
2018-05-07 21:36:30,758:INFO:Inserting value into Post table
2018-05-07 21:36:30,760:INFO:Inserting value into Comment table
2018-05-07 21:36:30,762:INFO:Inserting value into Post_Upvote table
2018-05-07 21:36:30,763:INFO:Inserting value into Comment_Upvote table
2018-05-07 21:36:30,765:INFO:Printing main menu - Request user response

2018-05-07 21:36:36,385:INFO:Response: 1 - Login

2018-05-07 21:36:36,385:INFO:Print login menu - Request user response

2018-05-07 21:36:41,897:INFO:Response: 2 - Already A Member

2018-05-07 21:36:41,898:INFO:Print login menu - Request user response

2018-05-07 21:36:50,065:INFO:login error

2018-05-07 21:36:50,065:INFO:Username: 
2018-05-07 21:36:50,065:INFO:test
2018-05-07 21:36:50,065:INFO: password: 
2018-05-07 21:36:50,066:INFO:test
2018-05-07 21:36:50,066:INFO: Are you an administrator? 
2018-05-07 21:36:50,066:INFO:y
2018-05-07 21:36:50,066:INFO:

2018-05-07 21:36:50,066:INFO:Printing main menu - Request user response

2018-05-07 21:37:09,550:INFO:Response: 1 - Login

2018-05-07 21:37:09,550:INFO:Print login menu - Request user response

2018-05-07 21:37:10,843:INFO:Response: 1 - Register

2018-05-07 21:37:10,844:INFO:Register request user response

2018-05-07 21:37:19,282:INFO:Response: 
2018-05-07 21:37:19,282:INFO:user name: 
2018-05-07 21:37:19,282:INFO:test
2018-05-07 21:37:19,283:INFO: password: 
2018-05-07 21:37:19,283:INFO:test
2018-05-07 21:37:19,283:INFO: email: 
2018-05-07 21:37:19,283:INFO:test
2018-05-07 21:37:19,283:INFO:Are you administrator? 
2018-05-07 21:37:19,283:INFO:y
2018-05-07 21:37:19,283:INFO:

2018-05-07 21:37:19,284:INFO:insert user successfully

2018-05-07 21:37:19,286:INFO:Printing main menu - Request user response

2018-05-07 21:37:28,382:INFO:Response: 0 - Account Profile

2018-05-07 21:37:28,384:INFO:read one user successfully

2018-05-07 21:37:28,384:INFO:Print account_profile menu - Request user response

2018-05-07 21:37:38,789:INFO:Response: 3 - Show All Accounts

2018-05-07 21:37:38,789:INFO:read all users successfully

2018-05-07 21:37:38,790:INFO:read one user successfully

2018-05-07 21:37:38,790:INFO:Print account_profile menu - Request user response

2018-05-07 21:37:50,511:INFO:Response: 4 - Main Menu

2018-05-07 21:37:50,511:INFO:Printing main menu - Request user response

2018-05-07 21:37:56,530:INFO:Response: 2 - Show Seenits

2018-05-07 21:37:56,532:INFO:read all seenits successfully

2018-05-07 21:37:56,533:INFO:Print show_seenits menu - Request user reponse

2018-05-07 21:38:10,165:INFO:Response: 2 - Choose One

2018-05-07 21:38:10,165:INFO:show_seenit request user reponse - Please input id of the one you choose

2018-05-07 21:38:13,204:INFO:Response: 
2018-05-07 21:38:13,204:INFO:1
2018-05-07 21:38:13,204:INFO:

2018-05-07 21:38:13,205:INFO:read one seenit successfully

2018-05-07 21:38:13,206:INFO:read all posts successfully

2018-05-07 21:38:13,209:INFO:Print show_posts menu - Request user response

2018-05-07 21:38:28,581:INFO:Response: 2 - Choose One

2018-05-07 21:38:28,582:INFO:show_post request user response - Please input id of the one you choose

2018-05-07 21:38:33,239:INFO:Response: 
2018-05-07 21:38:33,239:INFO:1
2018-05-07 21:38:33,239:INFO:

2018-05-07 21:38:33,240:INFO:read one post successfully

2018-05-07 21:38:33,240:INFO:Print comment_and_vote_menu menu - Request user response

2018-05-07 21:38:59,204:INFO:Response: 1 - Show Comments

2018-05-07 21:38:59,206:INFO:read all comments successfully

2018-05-07 21:38:59,206:INFO:Print show_comments menu - Request user response

2018-05-07 21:39:10,712:INFO:Response: 2 - Choose One

2018-05-07 21:39:15,921:INFO:read one comment successfully

2018-05-07 21:39:15,923:INFO:read all comment upvote successfully

2018-05-07 21:39:15,925:INFO:read all comment downvote successfully

2018-05-07 21:39:15,925:INFO:Print show_votes menu - Request user's response

2018-05-07 21:39:29,163:INFO:Response: 1 - Up

2018-05-07 21:40:05,373:INFO:Build database

2018-05-07 21:40:05,373:INFO:Creating tables in seenit.db
2018-05-07 21:40:05,401:INFO:Inserting value into User table
2018-05-07 21:40:05,403:INFO:Inserting value into Seenit table
2018-05-07 21:40:05,405:INFO:Inserting value into Post table
2018-05-07 21:40:05,407:INFO:Inserting value into Comment table
2018-05-07 21:40:05,409:INFO:Inserting value into Post_Upvote table
2018-05-07 21:40:05,411:INFO:Inserting value into Comment_Upvote table
2018-05-07 21:40:05,413:INFO:Printing main menu - Request user response

2018-05-07 21:40:09,371:INFO:Response: 1 - Login

2018-05-07 21:40:09,371:INFO:Print login menu - Request user response

2018-05-07 21:40:11,385:INFO:Response: 1 - Register

2018-05-07 21:40:11,385:INFO:Register request user response

2018-05-07 21:40:19,810:INFO:Response: 
2018-05-07 21:40:19,811:INFO:user name: 
2018-05-07 21:40:19,811:INFO:test
2018-05-07 21:40:19,811:INFO: password: 
2018-05-07 21:40:19,811:INFO:test
2018-05-07 21:40:19,811:INFO: email: 
2018-05-07 21:40:19,811:INFO:test
2018-05-07 21:40:19,811:INFO:Are you administrator? 
2018-05-07 21:40:19,811:INFO:y
2018-05-07 21:40:19,811:INFO:

2018-05-07 21:40:19,813:INFO:insert user successfully

2018-05-07 21:40:19,814:INFO:Printing main menu - Request user response

2018-05-07 21:40:22,781:INFO:Response: 2 - Show Seenits

2018-05-07 21:40:22,782:INFO:read all seenits successfully

2018-05-07 21:40:22,782:INFO:Print show_seenits menu - Request user reponse

2018-05-07 21:40:24,997:INFO:Response: 2 - Choose One

2018-05-07 21:40:24,997:INFO:show_seenit request user reponse - Please input id of the one you choose

2018-05-07 21:40:26,494:INFO:Response: 
2018-05-07 21:40:26,494:INFO:1
2018-05-07 21:40:26,495:INFO:

2018-05-07 21:40:26,495:INFO:read one seenit successfully

2018-05-07 21:40:26,496:INFO:read all posts successfully

2018-05-07 21:40:26,497:INFO:Print show_posts menu - Request user response

2018-05-07 21:40:29,080:INFO:Response: 2 - Choose One

2018-05-07 21:40:29,080:INFO:show_post request user response - Please input id of the one you choose

2018-05-07 21:40:30,700:INFO:Response: 
2018-05-07 21:40:30,701:INFO:1
2018-05-07 21:40:30,701:INFO:

2018-05-07 21:40:30,701:INFO:read one post successfully

2018-05-07 21:40:30,701:INFO:Print comment_and_vote_menu menu - Request user response

2018-05-07 21:40:36,270:INFO:Response: 1 - Show Comments

2018-05-07 21:40:36,271:INFO:read all comments successfully

2018-05-07 21:40:36,272:INFO:Print show_comments menu - Request user response

2018-05-07 21:40:39,667:INFO:Response: 2 - Choose One

2018-05-07 21:40:41,816:INFO:read one comment successfully

2018-05-07 21:40:41,817:INFO:read all comment upvote successfully

2018-05-07 21:40:41,818:INFO:read all comment downvote successfully

2018-05-07 21:40:41,818:INFO:Print show_votes menu - Request user's response

2018-05-07 21:40:44,628:INFO:Response: 1 - Up

2018-05-07 21:40:44,631:INFO:insert comment upvote successfully

2018-05-07 21:40:44,633:INFO:read one comment successfully

2018-05-07 21:40:44,634:INFO:read all comment upvote successfully

2018-05-07 21:40:44,634:INFO:read all comment downvote successfully

2018-05-07 21:40:44,634:INFO:Print show_votes menu - Request user's response

2018-05-07 21:40:56,238:INFO:Response: 2 - Down

2018-05-07 21:40:56,239:INFO:Insert comment downvote successfully

2018-05-07 21:40:56,241:INFO:read one comment successfully

2018-05-07 21:40:56,241:INFO:read all comment upvote successfully

2018-05-07 21:40:56,242:INFO:read all comment downvote successfully

2018-05-07 21:40:56,242:INFO:Print show_votes menu - Request user's response

2018-05-07 21:41:10,773:INFO:Response: 3 - Delete Up

2018-05-07 21:41:10,774:INFO:delete_vote request user response: Please input id of the one you want to delete

2018-05-07 21:48:06,454:INFO:Response: 
2018-05-07 21:48:06,457:INFO:
2018-05-07 21:48:06,458:INFO:

2018-05-07 21:48:06,458:INFO:delete comment upvote error

2018-05-07 21:48:06,461:INFO:read one comment successfully

2018-05-07 21:48:06,462:INFO:read all comment upvote successfully

2018-05-07 21:48:06,463:INFO:read all comment downvote successfully

2018-05-07 21:48:06,463:INFO:Print show_votes menu - Request user's response

2018-05-07 21:48:06,609:INFO:Response: 5 - Main Menu
2018-05-07 21:48:06,610:INFO:Printing main menu - Request user response

2018-05-07 21:48:08,759:INFO:Response: 4 - Exit

